<?xml version="1.0" encoding="UTF-8"?>
<!-- Generated by org.testng.reporters.JUnitReportReporter -->
<testsuite skipped="0" hostname="TAG" name="scripts.Assignment" tests="5" failures="0" timestamp="2020-09-19T17:16:32 IST" time="11.841" errors="0">
  <testcase name="testGetWithFilePath" time="1.448" classname="scripts.Assignment"/>
  <system-out/>
  <testcase name="testDelete" time="6.955" classname="scripts.Assignment"/>
  <system-out/>
  <testcase name="testGet" time="0.651" classname="scripts.Assignment"/>
  <system-out/>
  <testcase name="testPut" time="0.944" classname="scripts.Assignment"/>
  <system-out/>
  <testcase name="testPost" time="1.843" classname="scripts.Assignment"/>
  <system-out/>
</testsuite> <!-- scripts.Assignment -->
