<?xml version="1.0" encoding="UTF-8"?>
<!-- Generated by org.testng.reporters.JUnitReportReporter -->
<testsuite skipped="0" hostname="TAG" name="scripts.Assignment" tests="5" failures="0" timestamp="2020-09-15T02:40:24 IST" time="5.956" errors="0">
  <testcase name="testPut" time="1.856" classname="scripts.Assignment"/>
  <system-out/>
  <testcase name="testGet" time="0.993" classname="scripts.Assignment"/>
  <system-out/>
  <testcase name="testGetWithFilePath" time="0.310" classname="scripts.Assignment"/>
  <system-out/>
  <testcase name="testPost" time="0.989" classname="scripts.Assignment"/>
  <system-out/>
  <testcase name="testDelete" time="1.808" classname="scripts.Assignment"/>
  <system-out/>
</testsuite> <!-- scripts.Assignment -->
