<?xml version="1.0" encoding="UTF-8"?>
<!-- Generated by org.testng.reporters.JUnitReportReporter -->
<testsuite skipped="0" hostname="TAG" name="scripts.InvalidCase" tests="1" failures="0" timestamp="2020-09-19T17:16:32 IST" time="0.370" errors="0">
  <testcase name="testInvalidPost" time="0.370" classname="scripts.InvalidCase"/>
  <system-out/>
</testsuite> <!-- scripts.InvalidCase -->
