<?xml version="1.0" encoding="UTF-8"?>
<!-- Generated by org.testng.reporters.JUnitReportReporter -->
<testsuite skipped="0" hostname="TAG" name="scripts.Assignment" tests="5" failures="0" timestamp="2020-09-19T20:49:54 IST" time="6.916" errors="0">
  <testcase name="testPut" time="0.789" classname="scripts.Assignment"/>
  <system-out/>
  <testcase name="testGet" time="1.022" classname="scripts.Assignment"/>
  <system-out/>
  <testcase name="testGetWithFilePath" time="1.748" classname="scripts.Assignment"/>
  <system-out/>
  <testcase name="testPost" time="0.804" classname="scripts.Assignment"/>
  <system-out/>
  <testcase name="testDelete" time="2.553" classname="scripts.Assignment"/>
  <system-out/>
</testsuite> <!-- scripts.Assignment -->
